INFO  09:03:12 Application started. Press Ctrl+C to shut down.
INFO  09:03:12 Application started. Press Ctrl+C to shut down.
INFO  09:03:12 Hosting environment: Development
INFO  09:03:12 Hosting environment: Development
INFO  09:03:12 Content root path: C:\Users\Lenovo\source\repos\TruYum\AuthService
INFO  09:03:12 Content root path: C:\Users\Lenovo\source\repos\TruYum\AuthService
INFO  09:04:17 stevemade a requested to login
INFO  09:04:25 steve successfully logged in.
INFO  12:56:53 Application started. Press Ctrl+C to shut down.
INFO  12:56:53 Application started. Press Ctrl+C to shut down.
INFO  12:56:53 Hosting environment: Development
INFO  12:56:53 Hosting environment: Development
INFO  12:56:53 Content root path: C:\Users\Lenovo\source\repos\TruYum\AuthService
INFO  12:56:53 Content root path: C:\Users\Lenovo\source\repos\TruYum\AuthService
INFO  01:02:40 stevemade a requested to login
INFO  01:02:40 steve successfully logged in.
INFO  01:04:28 stevemade a requested to login
INFO  01:04:28 steve successfully logged in.
INFO  01:07:37 stevemade a requested to login
INFO  01:07:37 steve successfully logged in.
INFO  01:12:35 Application started. Press Ctrl+C to shut down.
INFO  01:12:35 Application started. Press Ctrl+C to shut down.
INFO  01:12:35 Hosting environment: Development
INFO  01:12:35 Hosting environment: Development
INFO  01:12:35 Content root path: C:\Users\Lenovo\source\repos\TruYum\AuthService
INFO  01:12:35 Content root path: C:\Users\Lenovo\source\repos\TruYum\AuthService
INFO  01:14:27 stevemade a requested to login
INFO  01:14:27 steve successfully logged in.
INFO  01:57:39 Application started. Press Ctrl+C to shut down.
INFO  01:57:39 Application started. Press Ctrl+C to shut down.
INFO  01:57:39 Hosting environment: Development
INFO  01:57:39 Hosting environment: Development
INFO  01:57:39 Content root path: C:\Users\Lenovo\source\repos\TruYum\AuthService
INFO  01:57:39 Content root path: C:\Users\Lenovo\source\repos\TruYum\AuthService
INFO  01:59:41 stevemade a requested to login
INFO  01:59:42 steve successfully logged in.
INFO  02:02:59 Application started. Press Ctrl+C to shut down.
INFO  02:02:59 Application started. Press Ctrl+C to shut down.
INFO  02:02:59 Hosting environment: Development
INFO  02:02:59 Hosting environment: Development
INFO  02:02:59 Content root path: C:\Users\Lenovo\source\repos\TruYum\AuthService
INFO  02:02:59 Content root path: C:\Users\Lenovo\source\repos\TruYum\AuthService
INFO  02:03:04 stevemade a requested to login
INFO  02:03:05 steve successfully logged in.
INFO  02:04:14 stevemade a requested to login
INFO  02:04:14 steve successfully logged in.
INFO  02:11:38 Application started. Press Ctrl+C to shut down.
INFO  02:11:38 Application started. Press Ctrl+C to shut down.
INFO  02:11:38 Hosting environment: Development
INFO  02:11:38 Hosting environment: Development
INFO  02:11:38 Content root path: C:\Users\Lenovo\source\repos\TruYum\AuthService
INFO  02:11:38 Content root path: C:\Users\Lenovo\source\repos\TruYum\AuthService
INFO  02:14:14 tonymade a requested to login
INFO  02:14:15 tony successfully logged in.
INFO  02:24:51 Application started. Press Ctrl+C to shut down.
INFO  02:24:51 Application started. Press Ctrl+C to shut down.
INFO  02:24:51 Hosting environment: Development
INFO  02:24:51 Hosting environment: Development
INFO  02:24:51 Content root path: C:\Users\Lenovo\source\repos\TruYum\AuthService
INFO  02:24:51 Content root path: C:\Users\Lenovo\source\repos\TruYum\AuthService
INFO  02:26:36 stevemade a requested to login
INFO  02:26:36 steve successfully logged in.
